mode: set
github.com/go-fork/providers/log/handler/console.go:35.54,39.2 1 1
github.com/go-fork/providers/log/handler/console.go:54.86,60.15 3 1
github.com/go-fork/providers/log/handler/console.go:60.15,62.3 1 1
github.com/go-fork/providers/log/handler/console.go:65.2,65.25 1 1
github.com/go-fork/providers/log/handler/console.go:65.25,68.3 2 1
github.com/go-fork/providers/log/handler/console.go:71.2,72.12 2 1
github.com/go-fork/providers/log/handler/console.go:82.40,85.2 1 1
github.com/go-fork/providers/log/handler/console.go:95.71,99.15 2 1
github.com/go-fork/providers/log/handler/console.go:100.18,101.25 1 1
github.com/go-fork/providers/log/handler/console.go:102.17,103.25 1 1
github.com/go-fork/providers/log/handler/console.go:104.20,105.25 1 1
github.com/go-fork/providers/log/handler/console.go:106.18,107.25 1 1
github.com/go-fork/providers/log/handler/console.go:108.18,109.25 1 1
github.com/go-fork/providers/log/handler/console.go:110.10,111.24 1 0
github.com/go-fork/providers/log/handler/console.go:115.2,115.55 1 1
github.com/go-fork/providers/log/handler/file.go:44.71,47.47 2 1
github.com/go-fork/providers/log/handler/file.go:47.47,49.3 1 1
github.com/go-fork/providers/log/handler/file.go:52.2,53.16 2 1
github.com/go-fork/providers/log/handler/file.go:53.16,55.3 1 0
github.com/go-fork/providers/log/handler/file.go:58.2,59.16 2 1
github.com/go-fork/providers/log/handler/file.go:59.16,62.3 2 0
github.com/go-fork/providers/log/handler/file.go:65.2,72.21 2 1
github.com/go-fork/providers/log/handler/file.go:87.83,92.49 3 1
github.com/go-fork/providers/log/handler/file.go:92.49,93.36 1 1
github.com/go-fork/providers/log/handler/file.go:93.36,95.4 1 0
github.com/go-fork/providers/log/handler/file.go:99.2,103.19 3 1
github.com/go-fork/providers/log/handler/file.go:103.19,105.3 1 1
github.com/go-fork/providers/log/handler/file.go:106.2,110.16 3 1
github.com/go-fork/providers/log/handler/file.go:110.16,112.3 1 1
github.com/go-fork/providers/log/handler/file.go:115.2,117.12 2 1
github.com/go-fork/providers/log/handler/file.go:127.37,131.19 3 1
github.com/go-fork/providers/log/handler/file.go:131.19,132.40 1 1
github.com/go-fork/providers/log/handler/file.go:132.40,134.4 1 0
github.com/go-fork/providers/log/handler/file.go:135.3,135.15 1 1
github.com/go-fork/providers/log/handler/file.go:138.2,138.12 1 1
github.com/go-fork/providers/log/handler/file.go:147.38,149.39 1 1
github.com/go-fork/providers/log/handler/file.go:149.39,151.3 1 0
github.com/go-fork/providers/log/handler/file.go:154.2,157.54 2 1
github.com/go-fork/providers/log/handler/file.go:157.54,159.3 1 0
github.com/go-fork/providers/log/handler/file.go:162.2,163.16 2 1
github.com/go-fork/providers/log/handler/file.go:163.16,165.3 1 0
github.com/go-fork/providers/log/handler/file.go:168.2,171.12 3 1
github.com/go-fork/providers/log/handler/handler.go:38.32,39.11 1 1
github.com/go-fork/providers/log/handler/handler.go:40.18,41.17 1 1
github.com/go-fork/providers/log/handler/handler.go:42.17,43.16 1 1
github.com/go-fork/providers/log/handler/handler.go:44.20,45.19 1 1
github.com/go-fork/providers/log/handler/handler.go:46.18,47.17 1 1
github.com/go-fork/providers/log/handler/handler.go:48.18,49.17 1 1
github.com/go-fork/providers/log/handler/handler.go:50.10,51.19 1 1
github.com/go-fork/providers/log/handler/stack.go:28.57,32.2 1 1
github.com/go-fork/providers/log/handler/stack.go:47.84,49.37 2 1
github.com/go-fork/providers/log/handler/stack.go:49.37,50.81 1 1
github.com/go-fork/providers/log/handler/stack.go:50.81,52.4 1 1
github.com/go-fork/providers/log/handler/stack.go:54.2,54.17 1 1
github.com/go-fork/providers/log/handler/stack.go:65.38,67.37 2 1
github.com/go-fork/providers/log/handler/stack.go:67.37,68.60 1 1
github.com/go-fork/providers/log/handler/stack.go:68.60,70.4 1 0
github.com/go-fork/providers/log/handler/stack.go:72.2,72.17 1 1
github.com/go-fork/providers/log/handler/stack.go:85.52,87.2 1 1
