mode: set
github.com/go-fork/providers/cache/mocks/driver.go:39.34,45.77 2 0
github.com/go-fork/providers/cache/mocks/driver.go:45.77,50.3 4 0
github.com/go-fork/providers/cache/mocks/driver.go:53.2,53.101 1 0
github.com/go-fork/providers/cache/mocks/driver.go:53.101,58.3 4 0
github.com/go-fork/providers/cache/mocks/driver.go:61.2,61.62 1 0
github.com/go-fork/providers/cache/mocks/driver.go:61.62,66.3 4 0
github.com/go-fork/providers/cache/mocks/driver.go:69.2,69.66 1 0
github.com/go-fork/providers/cache/mocks/driver.go:69.66,74.3 4 0
github.com/go-fork/providers/cache/mocks/driver.go:77.2,77.53 1 0
github.com/go-fork/providers/cache/mocks/driver.go:77.53,82.3 4 0
github.com/go-fork/providers/cache/mocks/driver.go:85.2,85.103 1 0
github.com/go-fork/providers/cache/mocks/driver.go:85.103,90.28 5 0
github.com/go-fork/providers/cache/mocks/driver.go:90.28,91.39 1 0
github.com/go-fork/providers/cache/mocks/driver.go:91.39,93.5 1 0
github.com/go-fork/providers/cache/mocks/driver.go:93.10,95.5 1 0
github.com/go-fork/providers/cache/mocks/driver.go:97.3,97.29 1 0
github.com/go-fork/providers/cache/mocks/driver.go:101.2,101.109 1 0
github.com/go-fork/providers/cache/mocks/driver.go:101.109,104.28 3 0
github.com/go-fork/providers/cache/mocks/driver.go:104.28,106.4 1 0
github.com/go-fork/providers/cache/mocks/driver.go:107.3,107.13 1 0
github.com/go-fork/providers/cache/mocks/driver.go:111.2,111.77 1 0
github.com/go-fork/providers/cache/mocks/driver.go:111.77,114.28 3 0
github.com/go-fork/providers/cache/mocks/driver.go:114.28,116.4 1 0
github.com/go-fork/providers/cache/mocks/driver.go:117.3,117.13 1 0
github.com/go-fork/providers/cache/mocks/driver.go:121.2,121.140 1 0
github.com/go-fork/providers/cache/mocks/driver.go:121.140,125.9 4 0
github.com/go-fork/providers/cache/mocks/driver.go:125.9,127.4 1 0
github.com/go-fork/providers/cache/mocks/driver.go:130.3,131.17 2 0
github.com/go-fork/providers/cache/mocks/driver.go:131.17,133.4 1 0
github.com/go-fork/providers/cache/mocks/driver.go:136.3,139.20 4 0
github.com/go-fork/providers/cache/mocks/driver.go:143.2,143.70 1 0
github.com/go-fork/providers/cache/mocks/driver.go:143.70,149.3 3 0
github.com/go-fork/providers/cache/mocks/driver.go:152.2,152.34 1 0
github.com/go-fork/providers/cache/mocks/driver.go:152.34,154.3 1 0
github.com/go-fork/providers/cache/mocks/driver.go:156.2,156.15 1 0
github.com/go-fork/providers/cache/mocks/driver.go:171.79,173.2 1 0
github.com/go-fork/providers/cache/mocks/driver.go:188.103,190.2 1 0
github.com/go-fork/providers/cache/mocks/driver.go:203.64,205.2 1 0
github.com/go-fork/providers/cache/mocks/driver.go:218.68,220.2 1 0
github.com/go-fork/providers/cache/mocks/driver.go:232.55,234.2 1 0
github.com/go-fork/providers/cache/mocks/driver.go:249.105,251.2 1 0
github.com/go-fork/providers/cache/mocks/driver.go:266.111,268.2 1 0
github.com/go-fork/providers/cache/mocks/driver.go:281.79,283.2 1 0
github.com/go-fork/providers/cache/mocks/driver.go:300.142,302.2 1 0
github.com/go-fork/providers/cache/mocks/driver.go:314.72,316.2 1 0
github.com/go-fork/providers/cache/mocks/driver.go:325.36,327.2 1 0
github.com/go-fork/providers/cache/manager.go:193.27,197.2 1 1
github.com/go-fork/providers/cache/manager.go:209.62,211.16 2 1
github.com/go-fork/providers/cache/manager.go:211.16,213.3 1 1
github.com/go-fork/providers/cache/manager.go:214.2,214.46 1 1
github.com/go-fork/providers/cache/manager.go:228.86,230.16 2 1
github.com/go-fork/providers/cache/manager.go:230.16,232.3 1 1
github.com/go-fork/providers/cache/manager.go:233.2,233.58 1 1
github.com/go-fork/providers/cache/manager.go:245.47,247.16 2 1
github.com/go-fork/providers/cache/manager.go:247.16,249.3 1 1
github.com/go-fork/providers/cache/manager.go:250.2,250.46 1 1
github.com/go-fork/providers/cache/manager.go:262.51,264.16 2 1
github.com/go-fork/providers/cache/manager.go:264.16,266.3 1 1
github.com/go-fork/providers/cache/manager.go:267.2,267.49 1 1
github.com/go-fork/providers/cache/manager.go:276.40,278.16 2 1
github.com/go-fork/providers/cache/manager.go:278.16,280.3 1 1
github.com/go-fork/providers/cache/manager.go:281.2,281.43 1 1
github.com/go-fork/providers/cache/manager.go:294.88,296.16 2 1
github.com/go-fork/providers/cache/manager.go:296.16,298.3 1 1
github.com/go-fork/providers/cache/manager.go:299.2,299.55 1 1
github.com/go-fork/providers/cache/manager.go:313.94,315.16 2 1
github.com/go-fork/providers/cache/manager.go:315.16,317.3 1 1
github.com/go-fork/providers/cache/manager.go:318.2,318.62 1 1
github.com/go-fork/providers/cache/manager.go:330.62,332.16 2 1
github.com/go-fork/providers/cache/manager.go:332.16,334.3 1 1
github.com/go-fork/providers/cache/manager.go:335.2,335.58 1 1
github.com/go-fork/providers/cache/manager.go:352.125,354.16 2 1
github.com/go-fork/providers/cache/manager.go:354.16,356.3 1 1
github.com/go-fork/providers/cache/manager.go:357.2,357.66 1 1
github.com/go-fork/providers/cache/manager.go:368.71,375.27 4 1
github.com/go-fork/providers/cache/manager.go:375.27,377.3 1 1
github.com/go-fork/providers/cache/manager.go:387.56,391.34 3 1
github.com/go-fork/providers/cache/manager.go:391.34,393.3 1 1
github.com/go-fork/providers/cache/manager.go:406.69,410.39 3 1
github.com/go-fork/providers/cache/manager.go:410.39,412.3 1 1
github.com/go-fork/providers/cache/manager.go:414.2,414.61 1 1
github.com/go-fork/providers/cache/manager.go:424.68,429.38 4 1
github.com/go-fork/providers/cache/manager.go:429.38,431.3 1 1
github.com/go-fork/providers/cache/manager.go:432.2,432.14 1 1
github.com/go-fork/providers/cache/manager.go:441.40,445.38 3 1
github.com/go-fork/providers/cache/manager.go:445.38,446.40 1 1
github.com/go-fork/providers/cache/manager.go:446.40,448.4 1 1
github.com/go-fork/providers/cache/manager.go:450.2,450.12 1 1
github.com/go-fork/providers/cache/manager.go:461.68,465.27 3 1
github.com/go-fork/providers/cache/manager.go:465.27,467.3 1 1
github.com/go-fork/providers/cache/manager.go:469.2,469.50 1 1
github.com/go-fork/providers/cache/manager.go:469.50,471.3 1 1
github.com/go-fork/providers/cache/manager.go:473.2,473.80 1 0
github.com/go-fork/providers/cache/provider.go:26.46,28.2 1 1
github.com/go-fork/providers/cache/provider.go:37.53,41.9 1 1
github.com/go-fork/providers/cache/provider.go:41.9,50.3 4 1
github.com/go-fork/providers/cache/provider.go:61.49,67.9 1 1
github.com/go-fork/providers/cache/provider.go:67.9,70.55 2 1
github.com/go-fork/providers/cache/provider.go:70.55,71.49 1 1
github.com/go-fork/providers/cache/provider.go:71.49,78.19 4 1
github.com/go-fork/providers/cache/provider.go:78.19,80.6 1 1
github.com/go-fork/providers/cache/provider.go:83.5,83.39 1 1
github.com/go-fork/providers/cache/mocks/driver.go:39.34,45.77 2 1
github.com/go-fork/providers/cache/mocks/driver.go:45.77,50.3 4 1
github.com/go-fork/providers/cache/mocks/driver.go:53.2,53.101 1 1
github.com/go-fork/providers/cache/mocks/driver.go:53.101,58.3 4 0
github.com/go-fork/providers/cache/mocks/driver.go:61.2,61.62 1 1
github.com/go-fork/providers/cache/mocks/driver.go:61.62,66.3 4 0
github.com/go-fork/providers/cache/mocks/driver.go:69.2,69.66 1 1
github.com/go-fork/providers/cache/mocks/driver.go:69.66,74.3 4 0
github.com/go-fork/providers/cache/mocks/driver.go:77.2,77.53 1 1
github.com/go-fork/providers/cache/mocks/driver.go:77.53,82.3 4 0
github.com/go-fork/providers/cache/mocks/driver.go:85.2,85.103 1 1
github.com/go-fork/providers/cache/mocks/driver.go:85.103,90.28 5 0
github.com/go-fork/providers/cache/mocks/driver.go:90.28,91.39 1 0
github.com/go-fork/providers/cache/mocks/driver.go:91.39,93.5 1 0
github.com/go-fork/providers/cache/mocks/driver.go:93.10,95.5 1 0
github.com/go-fork/providers/cache/mocks/driver.go:97.3,97.29 1 0
github.com/go-fork/providers/cache/mocks/driver.go:101.2,101.109 1 1
github.com/go-fork/providers/cache/mocks/driver.go:101.109,104.28 3 0
github.com/go-fork/providers/cache/mocks/driver.go:104.28,106.4 1 0
github.com/go-fork/providers/cache/mocks/driver.go:107.3,107.13 1 0
github.com/go-fork/providers/cache/mocks/driver.go:111.2,111.77 1 1
github.com/go-fork/providers/cache/mocks/driver.go:111.77,114.28 3 0
github.com/go-fork/providers/cache/mocks/driver.go:114.28,116.4 1 0
github.com/go-fork/providers/cache/mocks/driver.go:117.3,117.13 1 0
github.com/go-fork/providers/cache/mocks/driver.go:121.2,121.140 1 1
github.com/go-fork/providers/cache/mocks/driver.go:121.140,125.9 4 0
github.com/go-fork/providers/cache/mocks/driver.go:125.9,127.4 1 0
github.com/go-fork/providers/cache/mocks/driver.go:130.3,131.17 2 0
github.com/go-fork/providers/cache/mocks/driver.go:131.17,133.4 1 0
github.com/go-fork/providers/cache/mocks/driver.go:136.3,139.20 4 0
github.com/go-fork/providers/cache/mocks/driver.go:143.2,143.70 1 1
github.com/go-fork/providers/cache/mocks/driver.go:143.70,149.3 3 0
github.com/go-fork/providers/cache/mocks/driver.go:152.2,152.34 1 1
github.com/go-fork/providers/cache/mocks/driver.go:152.34,154.3 1 0
github.com/go-fork/providers/cache/mocks/driver.go:156.2,156.15 1 1
github.com/go-fork/providers/cache/mocks/driver.go:171.79,173.2 1 1
github.com/go-fork/providers/cache/mocks/driver.go:188.103,190.2 1 1
github.com/go-fork/providers/cache/mocks/driver.go:203.64,205.2 1 1
github.com/go-fork/providers/cache/mocks/driver.go:218.68,220.2 1 1
github.com/go-fork/providers/cache/mocks/driver.go:232.55,234.2 1 1
github.com/go-fork/providers/cache/mocks/driver.go:249.105,251.2 1 1
github.com/go-fork/providers/cache/mocks/driver.go:266.111,268.2 1 1
github.com/go-fork/providers/cache/mocks/driver.go:281.79,283.2 1 1
github.com/go-fork/providers/cache/mocks/driver.go:300.142,302.2 1 1
github.com/go-fork/providers/cache/mocks/driver.go:314.72,316.2 1 1
github.com/go-fork/providers/cache/mocks/driver.go:325.36,327.2 1 1
github.com/go-fork/providers/cache/driver/file.go:52.59,54.2 1 1
github.com/go-fork/providers/cache/driver/file.go:69.120,71.53 1 1
github.com/go-fork/providers/cache/driver/file.go:71.53,73.3 1 1
github.com/go-fork/providers/cache/driver/file.go:75.2,83.25 2 1
github.com/go-fork/providers/cache/driver/file.go:83.25,86.3 2 1
github.com/go-fork/providers/cache/driver/file.go:88.2,88.20 1 1
github.com/go-fork/providers/cache/driver/file.go:102.64,103.15 1 1
github.com/go-fork/providers/cache/driver/file.go:103.15,105.3 1 0
github.com/go-fork/providers/cache/driver/file.go:106.2,106.24 1 1
github.com/go-fork/providers/cache/driver/file.go:106.24,107.38 1 1
github.com/go-fork/providers/cache/driver/file.go:107.38,109.4 1 1
github.com/go-fork/providers/cache/driver/file.go:111.2,113.16 3 1
github.com/go-fork/providers/cache/driver/file.go:113.16,115.3 1 0
github.com/go-fork/providers/cache/driver/file.go:116.2,117.46 2 1
github.com/go-fork/providers/cache/driver/file.go:133.79,135.16 2 1
github.com/go-fork/providers/cache/driver/file.go:135.16,140.3 4 1
github.com/go-fork/providers/cache/driver/file.go:143.2,143.53 1 1
github.com/go-fork/providers/cache/driver/file.go:143.53,148.3 4 1
github.com/go-fork/providers/cache/driver/file.go:151.2,152.16 2 1
github.com/go-fork/providers/cache/driver/file.go:152.16,157.3 4 0
github.com/go-fork/providers/cache/driver/file.go:158.2,163.46 4 1
github.com/go-fork/providers/cache/driver/file.go:163.46,168.3 4 1
github.com/go-fork/providers/cache/driver/file.go:171.2,171.70 1 1
github.com/go-fork/providers/cache/driver/file.go:171.70,177.3 5 1
github.com/go-fork/providers/cache/driver/file.go:179.2,182.26 4 1
github.com/go-fork/providers/cache/driver/file.go:199.103,201.16 2 1
github.com/go-fork/providers/cache/driver/file.go:201.16,203.3 1 1
github.com/go-fork/providers/cache/driver/file.go:204.2,206.14 2 1
github.com/go-fork/providers/cache/driver/file.go:206.14,207.30 1 0
github.com/go-fork/providers/cache/driver/file.go:207.30,209.4 1 0
github.com/go-fork/providers/cache/driver/file.go:210.8,210.20 1 1
github.com/go-fork/providers/cache/driver/file.go:210.20,212.3 1 1
github.com/go-fork/providers/cache/driver/file.go:215.2,222.16 3 1
github.com/go-fork/providers/cache/driver/file.go:222.16,224.3 1 0
github.com/go-fork/providers/cache/driver/file.go:225.2,229.30 3 1
github.com/go-fork/providers/cache/driver/file.go:243.64,246.2 2 1
github.com/go-fork/providers/cache/driver/file.go:259.68,261.16 2 1
github.com/go-fork/providers/cache/driver/file.go:261.16,263.3 1 1
github.com/go-fork/providers/cache/driver/file.go:264.2,264.53 1 1
github.com/go-fork/providers/cache/driver/file.go:264.53,266.3 1 1
github.com/go-fork/providers/cache/driver/file.go:267.2,267.28 1 1
github.com/go-fork/providers/cache/driver/file.go:279.55,281.16 2 1
github.com/go-fork/providers/cache/driver/file.go:281.16,283.3 1 1
github.com/go-fork/providers/cache/driver/file.go:284.2,287.16 3 1
github.com/go-fork/providers/cache/driver/file.go:287.16,289.3 1 0
github.com/go-fork/providers/cache/driver/file.go:291.2,292.29 2 1
github.com/go-fork/providers/cache/driver/file.go:292.29,294.17 2 1
github.com/go-fork/providers/cache/driver/file.go:294.17,296.4 1 0
github.com/go-fork/providers/cache/driver/file.go:298.2,298.19 1 1
github.com/go-fork/providers/cache/driver/file.go:298.19,300.3 1 0
github.com/go-fork/providers/cache/driver/file.go:301.2,301.12 1 1
github.com/go-fork/providers/cache/driver/file.go:316.105,320.27 3 1
github.com/go-fork/providers/cache/driver/file.go:320.27,322.12 2 1
github.com/go-fork/providers/cache/driver/file.go:322.12,324.4 1 1
github.com/go-fork/providers/cache/driver/file.go:324.9,326.4 1 1
github.com/go-fork/providers/cache/driver/file.go:329.2,329.24 1 1
github.com/go-fork/providers/cache/driver/file.go:344.111,345.33 1 1
github.com/go-fork/providers/cache/driver/file.go:345.33,346.53 1 1
github.com/go-fork/providers/cache/driver/file.go:346.53,348.4 1 1
github.com/go-fork/providers/cache/driver/file.go:350.2,350.12 1 1
github.com/go-fork/providers/cache/driver/file.go:364.79,365.27 1 1
github.com/go-fork/providers/cache/driver/file.go:365.27,366.44 1 1
github.com/go-fork/providers/cache/driver/file.go:366.44,368.4 1 1
github.com/go-fork/providers/cache/driver/file.go:370.2,370.12 1 1
github.com/go-fork/providers/cache/driver/file.go:388.142,390.11 2 1
github.com/go-fork/providers/cache/driver/file.go:390.11,392.3 1 1
github.com/go-fork/providers/cache/driver/file.go:394.2,395.16 2 1
github.com/go-fork/providers/cache/driver/file.go:395.16,397.3 1 1
github.com/go-fork/providers/cache/driver/file.go:399.2,400.16 2 1
github.com/go-fork/providers/cache/driver/file.go:400.16,402.3 1 1
github.com/go-fork/providers/cache/driver/file.go:403.2,403.19 1 1
github.com/go-fork/providers/cache/driver/file.go:416.72,421.82 3 1
github.com/go-fork/providers/cache/driver/file.go:421.82,422.17 1 1
github.com/go-fork/providers/cache/driver/file.go:422.17,424.4 1 0
github.com/go-fork/providers/cache/driver/file.go:425.3,425.20 1 1
github.com/go-fork/providers/cache/driver/file.go:425.20,428.4 2 1
github.com/go-fork/providers/cache/driver/file.go:429.3,429.13 1 1
github.com/go-fork/providers/cache/driver/file.go:432.2,442.3 3 1
github.com/go-fork/providers/cache/driver/file.go:452.36,453.22 1 1
github.com/go-fork/providers/cache/driver/file.go:453.22,455.3 1 1
github.com/go-fork/providers/cache/driver/file.go:456.2,456.12 1 1
github.com/go-fork/providers/cache/driver/file.go:463.37,467.6 3 1
github.com/go-fork/providers/cache/driver/file.go:467.6,468.10 1 1
github.com/go-fork/providers/cache/driver/file.go:469.19,470.21 1 0
github.com/go-fork/providers/cache/driver/file.go:471.24,472.10 1 1
github.com/go-fork/providers/cache/driver/file.go:481.38,484.16 3 1
github.com/go-fork/providers/cache/driver/file.go:484.16,486.3 1 0
github.com/go-fork/providers/cache/driver/file.go:487.2,490.16 3 1
github.com/go-fork/providers/cache/driver/file.go:490.16,492.3 1 0
github.com/go-fork/providers/cache/driver/file.go:494.2,494.29 1 1
github.com/go-fork/providers/cache/driver/file.go:494.29,497.17 3 1
github.com/go-fork/providers/cache/driver/file.go:497.17,498.12 1 0
github.com/go-fork/providers/cache/driver/file.go:501.3,503.47 3 1
github.com/go-fork/providers/cache/driver/file.go:503.47,505.12 2 1
github.com/go-fork/providers/cache/driver/file.go:507.3,509.53 2 1
github.com/go-fork/providers/cache/driver/file.go:509.53,511.4 1 1
github.com/go-fork/providers/cache/driver/memory.go:25.31,26.23 1 1
github.com/go-fork/providers/cache/driver/memory.go:26.23,28.3 1 1
github.com/go-fork/providers/cache/driver/memory.go:29.2,29.45 1 1
github.com/go-fork/providers/cache/driver/memory.go:56.38,58.2 1 1
github.com/go-fork/providers/cache/driver/memory.go:71.97,80.25 2 1
github.com/go-fork/providers/cache/driver/memory.go:80.25,83.3 2 1
github.com/go-fork/providers/cache/driver/memory.go:85.2,85.15 1 1
github.com/go-fork/providers/cache/driver/memory.go:102.81,107.12 4 1
github.com/go-fork/providers/cache/driver/memory.go:107.12,112.3 4 1
github.com/go-fork/providers/cache/driver/memory.go:114.2,114.20 1 1
github.com/go-fork/providers/cache/driver/memory.go:114.20,120.3 5 1
github.com/go-fork/providers/cache/driver/memory.go:122.2,125.25 4 1
github.com/go-fork/providers/cache/driver/memory.go:141.105,144.14 2 1
github.com/go-fork/providers/cache/driver/memory.go:144.14,145.30 1 0
github.com/go-fork/providers/cache/driver/memory.go:145.30,147.4 1 0
github.com/go-fork/providers/cache/driver/memory.go:148.8,148.20 1 1
github.com/go-fork/providers/cache/driver/memory.go:148.20,150.3 1 1
github.com/go-fork/providers/cache/driver/memory.go:152.2,159.12 4 1
github.com/go-fork/providers/cache/driver/memory.go:173.66,176.2 2 1
github.com/go-fork/providers/cache/driver/memory.go:189.70,195.2 4 1
github.com/go-fork/providers/cache/driver/memory.go:206.57,212.2 4 1
github.com/go-fork/providers/cache/driver/memory.go:226.107,230.27 3 1
github.com/go-fork/providers/cache/driver/memory.go:230.27,232.12 2 1
github.com/go-fork/providers/cache/driver/memory.go:232.12,234.4 1 1
github.com/go-fork/providers/cache/driver/memory.go:234.9,236.4 1 1
github.com/go-fork/providers/cache/driver/memory.go:239.2,239.24 1 1
github.com/go-fork/providers/cache/driver/memory.go:254.113,255.33 1 1
github.com/go-fork/providers/cache/driver/memory.go:255.33,256.53 1 1
github.com/go-fork/providers/cache/driver/memory.go:256.53,258.4 1 0
github.com/go-fork/providers/cache/driver/memory.go:260.2,260.12 1 1
github.com/go-fork/providers/cache/driver/memory.go:274.81,275.27 1 1
github.com/go-fork/providers/cache/driver/memory.go:275.27,276.44 1 1
github.com/go-fork/providers/cache/driver/memory.go:276.44,278.4 1 0
github.com/go-fork/providers/cache/driver/memory.go:280.2,280.12 1 1
github.com/go-fork/providers/cache/driver/memory.go:298.144,301.11 2 1
github.com/go-fork/providers/cache/driver/memory.go:301.11,303.3 1 1
github.com/go-fork/providers/cache/driver/memory.go:306.2,307.16 2 1
github.com/go-fork/providers/cache/driver/memory.go:307.16,309.3 1 1
github.com/go-fork/providers/cache/driver/memory.go:312.2,313.19 2 1
github.com/go-fork/providers/cache/driver/memory.go:326.74,339.2 5 1
github.com/go-fork/providers/cache/driver/memory.go:348.38,349.22 1 1
github.com/go-fork/providers/cache/driver/memory.go:349.22,351.3 1 1
github.com/go-fork/providers/cache/driver/memory.go:352.2,352.12 1 1
github.com/go-fork/providers/cache/driver/memory.go:359.39,363.6 3 1
github.com/go-fork/providers/cache/driver/memory.go:363.6,364.10 1 1
github.com/go-fork/providers/cache/driver/memory.go:365.19,366.21 1 0
github.com/go-fork/providers/cache/driver/memory.go:367.24,368.10 1 1
github.com/go-fork/providers/cache/driver/memory.go:377.40,383.28 4 0
github.com/go-fork/providers/cache/driver/memory.go:383.28,384.45 1 0
github.com/go-fork/providers/cache/driver/memory.go:384.45,386.4 1 0
github.com/go-fork/providers/cache/driver/mongodb.go:63.81,71.2 2 0
github.com/go-fork/providers/cache/driver/mongodb.go:84.79,91.16 5 0
github.com/go-fork/providers/cache/driver/mongodb.go:91.16,93.3 1 0
github.com/go-fork/providers/cache/driver/mongodb.go:96.2,96.61 1 0
github.com/go-fork/providers/cache/driver/mongodb.go:96.61,98.3 1 0
github.com/go-fork/providers/cache/driver/mongodb.go:101.2,113.16 4 0
github.com/go-fork/providers/cache/driver/mongodb.go:113.16,115.3 1 0
github.com/go-fork/providers/cache/driver/mongodb.go:118.2,124.20 2 0
github.com/go-fork/providers/cache/driver/mongodb.go:141.82,145.16 3 1
github.com/go-fork/providers/cache/driver/mongodb.go:145.16,146.34 1 1
github.com/go-fork/providers/cache/driver/mongodb.go:146.34,149.4 2 0
github.com/go-fork/providers/cache/driver/mongodb.go:150.3,150.20 1 1
github.com/go-fork/providers/cache/driver/mongodb.go:154.2,154.78 1 1
github.com/go-fork/providers/cache/driver/mongodb.go:154.78,159.3 3 1
github.com/go-fork/providers/cache/driver/mongodb.go:161.2,162.30 2 1
github.com/go-fork/providers/cache/driver/mongodb.go:179.106,183.14 3 1
github.com/go-fork/providers/cache/driver/mongodb.go:183.14,184.30 1 1
github.com/go-fork/providers/cache/driver/mongodb.go:184.30,186.4 1 1
github.com/go-fork/providers/cache/driver/mongodb.go:187.8,187.20 1 1
github.com/go-fork/providers/cache/driver/mongodb.go:187.20,189.3 1 1
github.com/go-fork/providers/cache/driver/mongodb.go:192.2,211.12 5 1
github.com/go-fork/providers/cache/driver/mongodb.go:225.67,228.2 2 1
github.com/go-fork/providers/cache/driver/mongodb.go:241.71,244.2 2 1
github.com/go-fork/providers/cache/driver/mongodb.go:256.58,259.2 2 1
github.com/go-fork/providers/cache/driver/mongodb.go:273.108,282.16 5 1
github.com/go-fork/providers/cache/driver/mongodb.go:282.16,284.3 1 1
github.com/go-fork/providers/cache/driver/mongodb.go:285.2,292.23 4 1
github.com/go-fork/providers/cache/driver/mongodb.go:292.23,294.51 2 1
github.com/go-fork/providers/cache/driver/mongodb.go:294.51,295.12 1 0
github.com/go-fork/providers/cache/driver/mongodb.go:299.3,299.61 1 1
github.com/go-fork/providers/cache/driver/mongodb.go:299.61,301.12 2 1
github.com/go-fork/providers/cache/driver/mongodb.go:304.3,305.30 2 1
github.com/go-fork/providers/cache/driver/mongodb.go:309.2,309.27 1 1
github.com/go-fork/providers/cache/driver/mongodb.go:309.27,310.18 1 1
github.com/go-fork/providers/cache/driver/mongodb.go:310.18,312.4 1 1
github.com/go-fork/providers/cache/driver/mongodb.go:315.2,315.24 1 1
github.com/go-fork/providers/cache/driver/mongodb.go:330.114,331.14 1 1
github.com/go-fork/providers/cache/driver/mongodb.go:331.14,333.3 1 1
github.com/go-fork/providers/cache/driver/mongodb.go:335.2,340.33 4 1
github.com/go-fork/providers/cache/driver/mongodb.go:340.33,354.3 3 1
github.com/go-fork/providers/cache/driver/mongodb.go:357.2,358.12 2 1
github.com/go-fork/providers/cache/driver/mongodb.go:372.82,373.20 1 1
github.com/go-fork/providers/cache/driver/mongodb.go:373.20,375.3 1 1
github.com/go-fork/providers/cache/driver/mongodb.go:378.2,379.12 2 1
github.com/go-fork/providers/cache/driver/mongodb.go:397.145,400.11 2 1
github.com/go-fork/providers/cache/driver/mongodb.go:400.11,402.3 1 1
github.com/go-fork/providers/cache/driver/mongodb.go:405.2,406.16 2 1
github.com/go-fork/providers/cache/driver/mongodb.go:406.16,408.3 1 1
github.com/go-fork/providers/cache/driver/mongodb.go:411.2,412.19 2 1
github.com/go-fork/providers/cache/driver/mongodb.go:425.75,428.16 2 1
github.com/go-fork/providers/cache/driver/mongodb.go:428.16,430.3 1 1
github.com/go-fork/providers/cache/driver/mongodb.go:433.2,436.16 4 1
github.com/go-fork/providers/cache/driver/mongodb.go:436.16,438.3 1 1
github.com/go-fork/providers/cache/driver/mongodb.go:440.2,446.3 1 1
github.com/go-fork/providers/cache/driver/mongodb.go:456.39,457.21 1 1
github.com/go-fork/providers/cache/driver/mongodb.go:457.21,459.3 1 0
github.com/go-fork/providers/cache/driver/mongodb.go:460.2,460.12 1 1
github.com/go-fork/providers/cache/driver/redis.go:55.91,65.2 2 1
github.com/go-fork/providers/cache/driver/redis.go:77.73,89.47 4 1
github.com/go-fork/providers/cache/driver/redis.go:89.47,91.3 1 0
github.com/go-fork/providers/cache/driver/redis.go:94.2,102.20 2 1
github.com/go-fork/providers/cache/driver/redis.go:115.52,117.2 1 1
github.com/go-fork/providers/cache/driver/redis.go:133.80,138.16 3 1
github.com/go-fork/providers/cache/driver/redis.go:138.16,139.23 1 1
github.com/go-fork/providers/cache/driver/redis.go:139.23,143.4 2 1
github.com/go-fork/providers/cache/driver/redis.go:145.3,145.20 1 1
github.com/go-fork/providers/cache/driver/redis.go:149.2,150.53 2 1
github.com/go-fork/providers/cache/driver/redis.go:150.53,152.3 1 1
github.com/go-fork/providers/cache/driver/redis.go:154.2,155.20 2 1
github.com/go-fork/providers/cache/driver/redis.go:171.104,176.16 3 1
github.com/go-fork/providers/cache/driver/redis.go:176.16,178.3 1 0
github.com/go-fork/providers/cache/driver/redis.go:181.2,181.14 1 1
github.com/go-fork/providers/cache/driver/redis.go:181.14,183.3 1 0
github.com/go-fork/providers/cache/driver/redis.go:186.2,186.56 1 1
github.com/go-fork/providers/cache/driver/redis.go:200.65,204.2 3 1
github.com/go-fork/providers/cache/driver/redis.go:216.69,219.2 2 1
github.com/go-fork/providers/cache/driver/redis.go:232.56,239.21 4 1
github.com/go-fork/providers/cache/driver/redis.go:239.21,243.23 2 1
github.com/go-fork/providers/cache/driver/redis.go:243.23,244.59 1 0
github.com/go-fork/providers/cache/driver/redis.go:244.59,246.5 1 0
github.com/go-fork/providers/cache/driver/redis.go:247.4,247.21 1 0
github.com/go-fork/providers/cache/driver/redis.go:252.2,252.19 1 1
github.com/go-fork/providers/cache/driver/redis.go:252.19,254.3 1 1
github.com/go-fork/providers/cache/driver/redis.go:256.2,256.19 1 1
github.com/go-fork/providers/cache/driver/redis.go:260.106,266.27 4 1
github.com/go-fork/providers/cache/driver/redis.go:266.27,268.3 1 1
github.com/go-fork/providers/cache/driver/redis.go:271.2,272.16 2 1
github.com/go-fork/providers/cache/driver/redis.go:272.16,275.3 1 1
github.com/go-fork/providers/cache/driver/redis.go:278.2,278.31 1 1
github.com/go-fork/providers/cache/driver/redis.go:278.31,279.19 1 1
github.com/go-fork/providers/cache/driver/redis.go:279.19,281.12 2 1
github.com/go-fork/providers/cache/driver/redis.go:285.3,287.10 3 1
github.com/go-fork/providers/cache/driver/redis.go:287.10,289.12 2 0
github.com/go-fork/providers/cache/driver/redis.go:292.3,292.64 1 1
github.com/go-fork/providers/cache/driver/redis.go:292.64,294.12 2 1
github.com/go-fork/providers/cache/driver/redis.go:297.3,297.29 1 1
github.com/go-fork/providers/cache/driver/redis.go:300.2,300.24 1 1
github.com/go-fork/providers/cache/driver/redis.go:304.112,305.14 1 1
github.com/go-fork/providers/cache/driver/redis.go:305.14,307.3 1 0
github.com/go-fork/providers/cache/driver/redis.go:310.2,312.33 2 1
github.com/go-fork/providers/cache/driver/redis.go:312.33,315.17 2 1
github.com/go-fork/providers/cache/driver/redis.go:315.17,317.4 1 0
github.com/go-fork/providers/cache/driver/redis.go:319.3,320.40 2 1
github.com/go-fork/providers/cache/driver/redis.go:324.2,325.12 2 1
github.com/go-fork/providers/cache/driver/redis.go:329.80,330.20 1 0
github.com/go-fork/providers/cache/driver/redis.go:330.20,332.3 1 0
github.com/go-fork/providers/cache/driver/redis.go:335.2,336.27 2 0
github.com/go-fork/providers/cache/driver/redis.go:336.27,338.3 1 0
github.com/go-fork/providers/cache/driver/redis.go:341.2,341.49 1 0
github.com/go-fork/providers/cache/driver/redis.go:345.143,348.11 2 1
github.com/go-fork/providers/cache/driver/redis.go:348.11,350.3 1 1
github.com/go-fork/providers/cache/driver/redis.go:353.2,354.16 2 1
github.com/go-fork/providers/cache/driver/redis.go:354.16,356.3 1 1
github.com/go-fork/providers/cache/driver/redis.go:359.2,360.19 2 1
github.com/go-fork/providers/cache/driver/redis.go:364.73,369.16 4 1
github.com/go-fork/providers/cache/driver/redis.go:369.16,371.3 1 1
github.com/go-fork/providers/cache/driver/redis.go:374.2,375.16 2 1
github.com/go-fork/providers/cache/driver/redis.go:375.16,377.3 1 1
github.com/go-fork/providers/cache/driver/redis.go:379.2,386.3 1 1
github.com/go-fork/providers/cache/driver/redis.go:390.37,392.2 1 1
github.com/go-fork/providers/cache/driver/redis.go:395.143,396.46 1 0
github.com/go-fork/providers/cache/driver/redis.go:396.46,399.3 2 0
github.com/go-fork/providers/cache/driver/redis.go:400.2,400.10 1 0
